<?xml version="1.0" encoding="UTF-8"?>
<Site BuildName="Linux-c++"
	BuildStamp="20240623-0136-Experimental"
	Name="codespaces-6e8081"
	Generator="ctest-3.25.1"
	CompilerName="/usr/bin/c++"
	CompilerVersion="12.2.0"
	OSName="Linux"
	Hostname="codespaces-0e1976"
	OSRelease="6.5.0-1021-azure"
	OSVersion="#22~22.04.1-Ubuntu SMP Tue Apr 30 16:08:18 UTC 2024"
	OSPlatform="x86_64"
	Is64Bits="1"
	VendorString="AuthenticAMD"
	VendorID="Advanced Micro Devices"
	FamilyID="25"
	ModelID="1"
	ProcessorCacheSize="512"
	NumberOfLogicalCPU="2"
	NumberOfPhysicalCPU="1"
	TotalVirtualMemory="0"
	TotalPhysicalMemory="7929"
	LogicalProcessorsPerPhysical="2"
	ProcessorClockFrequency="3243.4"
	>
	<Testing>
		<StartDateTime>Jun 23 01:36 UTC</StartDateTime>
		<StartTestTime>1719106606</StartTestTime>
		<TestList/>
		<EndDateTime>Jun 23 01:36 UTC</EndDateTime>
		<EndTestTime>1719106606</EndTestTime>
		<ElapsedMinutes>0</ElapsedMinutes>
	</Testing>
</Site>
